<?xml version="1.0" encoding="UTF-8"?>
<!-- Generated by org.testng.reporters.JUnitReportReporter -->
<testsuite skipped="0" hostname="ARPGL007085" name="com.pom.testCases.AdminUserTest" tests="2" failures="0" timestamp="02 Jan 2022 09:06:13 GMT" time="11.726" errors="0">
  <testcase name="checkUsers" time="10.885" classname="com.pom.testCases.AdminUserTest"/>
  <testcase name="checkUserStatus" time="0.841" classname="com.pom.testCases.AdminUserTest"/>
</testsuite> <!-- com.pom.testCases.AdminUserTest -->
